DiagnosticsPlugin.exe Information: 0 : [7/15/2015 6:30:49 PM] Starting DiagnosticPlugin.exe DiagnosticPlugin-ShutdownEvent DiagnosticPlugin-TotalShutdownEvent -wadVer1v4
DiagnosticsPlugin.exe Error: 0 : [7/15/2015 6:30:49 PM] Failed to save IIS Directory state
DiagnosticsPlugin.exe Error: 0 : [7/15/2015 6:30:49 PM] System.Runtime.InteropServices.COMException (0x80040154): Retrieving the COM class factory for component with CLSID {2B72133B-3F5B-4602-8952-803546CE3344} failed due to the following error: 80040154 Class not registered (Exception from HRESULT: 0x80040154 (REGDB_E_CLASSNOTREG)).
   at System.Runtime.Remoting.RemotingServices.AllocateUninitializedObject(RuntimeType objectType)
   at System.Runtime.Remoting.Activation.ActivationServices.CreateInstance(RuntimeType serverType)
   at System.Runtime.Remoting.Activation.ActivationServices.IsCurrentContextOK(RuntimeType serverType, Object[] props, Boolean bNewObj)
   at System.RuntimeTypeHandle.CreateInstance(RuntimeType type, Boolean publicOnly, Boolean noCheck, Boolean& canBeCached, RuntimeMethodHandleInternal& ctor, Boolean& bNeedSecurityCheck)
   at System.RuntimeType.CreateInstanceSlow(Boolean publicOnly, Boolean skipCheckThis, Boolean fillCache, StackCrawlMark& stackMark)
   at System.RuntimeType.CreateInstanceDefaultCtor(Boolean publicOnly, Boolean skipCheckThis, Boolean fillCache, StackCrawlMark& stackMark)
   at System.Activator.CreateInstance[T]()
   at Microsoft.Web.Administration.ConfigurationManager.CreateAdminManager[TClass,TInterface](WebConfigurationMap webConfigMap, Boolean isAdminConfig)
   at Microsoft.Web.Administration.ConfigurationManager.CreateConfiguration(WebConfigurationMap configMap, String configPathToEdit, Boolean isAdminConfig)
   at Microsoft.Web.Administration.ConfigurationManager.GetConfiguration(String rawConfigurationPath, String cacheKey, Boolean isAdminConfig)
   at Microsoft.Web.Administration.ServerManager.get_Sites()
   at Microsoft.Azure.Plugins.Plugin.DiagnosticsPluginManager.SaveIISDirectoryState()
DiagnosticsPlugin.exe Information: 0 : [7/15/2015 6:30:49 PM] Starting DiagnosticsPlugin
DiagnosticsPlugin.exe Information: 0 : [7/15/2015 6:30:49 PM] Emulator config file set to C:\Users\developer\Source\Workspaces\WingTipTickets\Tenant.Azure\csx\Debug\roles\Tenant.Mvc\approot\diagnostics.wadcfgx
DiagnosticsPlugin.exe Information: 0 : [7/15/2015 6:30:49 PM] DiagnosticsStoreRootPath set to: C:\Users\developer\AppData\Local\dftmp\Resources\6a4016f6-54a4-4696-b6af-fdf40e40abe7
DiagnosticsPlugin.exe Information: 0 : [7/15/2015 6:30:49 PM] Loading config file: C:\Users\developer\Source\Workspaces\WingTipTickets\Tenant.Azure\csx\Debug\roles\Tenant.Mvc\approot\diagnostics.wadcfgx
DiagnosticsPlugin.exe Information: 0 : [7/15/2015 6:30:49 PM] Checking VM Type
DiagnosticsPlugin.exe Information: 0 : [7/15/2015 6:30:49 PM] Emulator config file set to C:\Users\developer\Source\Workspaces\WingTipTickets\Tenant.Azure\csx\Debug\roles\Tenant.Mvc\approot\diagnostics.wadcfgx
DiagnosticsPlugin.exe Information: 0 : [7/15/2015 6:30:49 PM] Extension set to Emulator Mode
DiagnosticsPlugin.exe Information: 0 : [7/15/2015 6:30:49 PM] Reading XML configuration file
DiagnosticsPlugin.exe Information: 0 : [7/15/2015 6:30:49 PM] Bypassing private config decryption
DiagnosticsPlugin.exe Information: 0 : [7/15/2015 6:30:49 PM] WadCfg is provided in initial configuration. Using that to initialize Diagnostics.
DiagnosticsPlugin.exe Information: 0 : [7/15/2015 6:30:49 PM] <PublicConfig xmlns="http://schemas.microsoft.com/ServiceHosting/2010/10/DiagnosticsConfiguration">
  <WadCfg>
    <DiagnosticMonitorConfiguration overallQuotaInMB="4096">
      <DiagnosticInfrastructureLogs />
      <Directories>
        <IISLogs containerName="wad-iis-logfiles" />
      </Directories>
      <PerformanceCounters>
        <PerformanceCounterConfiguration counterSpecifier="\Memory\Available MBytes" sampleRate="PT3M" />
        <PerformanceCounterConfiguration counterSpecifier="\Web Service(_Total)\ISAPI Extension Requests/sec" sampleRate="PT3M" />
        <PerformanceCounterConfiguration counterSpecifier="\Web Service(_Total)\Bytes Total/Sec" sampleRate="PT3M" />
        <PerformanceCounterConfiguration counterSpecifier="\ASP.NET Applications(__Total__)\Requests/Sec" sampleRate="PT3M" />
        <PerformanceCounterConfiguration counterSpecifier="\ASP.NET Applications(__Total__)\Errors Total/Sec" sampleRate="PT3M" />
        <PerformanceCounterConfiguration counterSpecifier="\ASP.NET\Requests Queued" sampleRate="PT3M" />
        <PerformanceCounterConfiguration counterSpecifier="\ASP.NET\Requests Rejected" sampleRate="PT3M" />
      </PerformanceCounters>
      <WindowsEventLog scheduledTransferPeriod="PT1M">
        <DataSource name="Application!*" />
      </WindowsEventLog>
      <Logs scheduledTransferPeriod="PT1M" scheduledTransferLogLevelFilter="Error" />
    </DiagnosticMonitorConfiguration>
  </WadCfg>
  <StorageAccount>devstoreaccount1</StorageAccount>
</PublicConfig>
DiagnosticsPlugin.exe Information: 0 : [7/15/2015 6:30:49 PM] Private setting is loaded
DiagnosticsPlugin.exe Information: 0 : [7/15/2015 6:30:50 PM] Successfully created checkpoint file C:\Users\developer\AppData\Local\dftmp\Resources\6a4016f6-54a4-4696-b6af-fdf40e40abe7\WAD0104\Configuration\Checkpoint.txt
DiagnosticsPlugin.exe Information: 0 : [7/15/2015 6:30:50 PM] Will use local resource directory C:\Users\developer\AppData\Local\dftmp\Resources\6a4016f6-54a4-4696-b6af-fdf40e40abe7\WAD0104
DiagnosticsPlugin.exe Information: 0 : [7/15/2015 6:30:50 PM] Will use endpoint https://core.windows.net for storage.
DiagnosticsPlugin.exe Error: 0 : [7/15/2015 6:30:51 PM] Exception in creating the ServerManager; is IIS installed?
 Error:System.Runtime.InteropServices.COMException (0x80040154): Retrieving the COM class factory for component with CLSID {2B72133B-3F5B-4602-8952-803546CE3344} failed due to the following error: 80040154 Class not registered (Exception from HRESULT: 0x80040154 (REGDB_E_CLASSNOTREG)).
   at System.Runtime.Remoting.RemotingServices.AllocateUninitializedObject(RuntimeType objectType)
   at System.Runtime.Remoting.Activation.ActivationServices.CreateInstance(RuntimeType serverType)
   at System.Runtime.Remoting.Activation.ActivationServices.IsCurrentContextOK(RuntimeType serverType, Object[] props, Boolean bNewObj)
   at System.RuntimeTypeHandle.CreateInstance(RuntimeType type, Boolean publicOnly, Boolean noCheck, Boolean& canBeCached, RuntimeMethodHandleInternal& ctor, Boolean& bNeedSecurityCheck)
   at System.RuntimeType.CreateInstanceSlow(Boolean publicOnly, Boolean skipCheckThis, Boolean fillCache, StackCrawlMark& stackMark)
   at System.RuntimeType.CreateInstanceDefaultCtor(Boolean publicOnly, Boolean skipCheckThis, Boolean fillCache, StackCrawlMark& stackMark)
   at System.Activator.CreateInstance[T]()
   at Microsoft.Web.Administration.ConfigurationManager.CreateAdminManager[TClass,TInterface](WebConfigurationMap webConfigMap, Boolean isAdminConfig)
   at Microsoft.Web.Administration.ConfigurationManager.CreateConfiguration(WebConfigurationMap configMap, String configPathToEdit, Boolean isAdminConfig)
   at Microsoft.Web.Administration.ConfigurationManager.GetConfiguration(String rawConfigurationPath, String cacheKey, Boolean isAdminConfig)
   at Microsoft.Web.Administration.ServerManager.get_Sites()
   at Microsoft.Azure.Plugins.Plugin.WadConfigProcessor.AddDirectories(EventsType mdsEvents, Directories wadDirectories)
DiagnosticsPlugin.exe Information: 0 : [7/15/2015 6:30:51 PM] Running in emulator mode, crash dumps not enabled
DiagnosticsPlugin.exe Information: 0 : [7/15/2015 6:30:51 PM] In emulator mode and using devstore updating XStoreAccount info, command line args: -LocalPath "C:\Users\developer\AppData\Local\dftmp\Resources\6a4016f6-54a4-4696-b6af-fdf40e40abe7\WAD0104"  -ConfigFile "C:\Users\developer\AppData\Local\dftmp\Resources\6a4016f6-54a4-4696-b6af-fdf40e40abe7\WAD0104\Configuration\MaConfig.xml" -ShutDownEvent WADDM-ShutDown-a70e276e4db44cc183cfbd46868b911c  -TotalShutDownEvent WADDM-TotalShutDown-a70e276e4db44cc183cfbd46868b911c -InitializedEvent WADM-StartUp-a70e276e4db44cc183cfbd46868b911c -parent 5868 -events -wadVer1v4 -UseProxyServer -XStoreAccounts WadAccount#true#devstoreaccount1#Eby8vdM02xNOcqFlqUwJPLlmEtlCDXJ1OUzFT50uSRZ6IFsuFq2UVErCz4I6tq/K1SZFPTOtr/KBHBeksoGMGw==#http://127.0.0.1:10002#http://127.0.0.1:10001#http://127.0.0.1:10000
DiagnosticsPlugin.exe Information: 0 : [7/15/2015 6:31:51 PM] MonAgentHost.exe started
DiagnosticsPlugin.exe Information: 0 : [7/15/2015 6:31:51 PM] DiagnoticsPlugin started.
DiagnosticsPlugin.exe Information: 0 : [7/15/2015 6:31:51 PM] DiagnoticsPlugin now waiting on events "DiagnosticPlugin-ShutdownEvent", "DiagnosticPlugin-TotalShutdownEvent" or "DiagnosticPlugin-RestartEvent".
